<?xml version="1.0" encoding="UTF-8"?>
<!-- Generated by org.testng.reporters.JUnitReportReporter -->
<testsuite hostname="LAPTOP-G13R1R6V" failures="0" tests="1" name="Codeitbypradeep.selpratice.Webappopr" time="18.364" errors="0" timestamp="2021-09-28T20:49:28 IST" skipped="0">
  <testcase classname="Codeitbypradeep.selpratice.Webappopr" name="executeall" time="18.364"/>
  <system-out/>
</testsuite> <!-- Codeitbypradeep.selpratice.Webappopr -->
