<?xml version="1.0" encoding="UTF-8"?>
<!-- Generated by org.testng.reporters.JUnitReportReporter -->
<testsuite hostname="LAPTOP-G13R1R6V" failures="0" tests="1" name="Codeitbypradeep.selpratice.testqapratice" time="11.641" errors="0" timestamp="2021-10-02T11:17:44 IST" skipped="0">
  <testcase classname="Codeitbypradeep.selpratice.testqapratice" name="dfdsfasfd" time="11.641"/>
  <system-out/>
</testsuite> <!-- Codeitbypradeep.selpratice.testqapratice -->
