<?xml version="1.0" encoding="UTF-8"?>
<!-- Generated by org.testng.reporters.JUnitReportReporter -->
<testsuite hostname="LAPTOP-G13R1R6V" failures="0" tests="1" name="com.qa.TestcaseExecution.Component" time="15.942" errors="0" timestamp="2021-10-02T17:26:22 IST" skipped="0">
  <testcase classname="com.qa.TestcaseExecution.Component" name="runTestComponents" time="15.942"/>
  <system-out/>
</testsuite> <!-- com.qa.TestcaseExecution.Component -->
