<?xml version="1.0" encoding="UTF-8"?>
<!-- Generated by org.testng.reporters.JUnitReportReporter -->
<testsuite hostname="LAPTOP-G13R1R6V" failures="0" tests="1" name="Codeitbypradeep.selpratice.Pgmwindw" time="21.508" errors="0" timestamp="2021-10-06T23:29:00 IST" skipped="0">
  <testcase classname="Codeitbypradeep.selpratice.Pgmwindw" name="dlertsaa" time="21.508"/>
  <system-out/>
</testsuite> <!-- Codeitbypradeep.selpratice.Pgmwindw -->
