<?xml version="1.0" encoding="UTF-8"?>
<!-- Generated by org.testng.reporters.JUnitReportReporter -->
<testsuite hostname="LAPTOP-G13R1R6V" failures="0" tests="1" name="Codeitbypradeep.selpratice.PmgSelect" time="9.963" errors="0" timestamp="2021-10-04T20:37:46 IST" skipped="0">
  <testcase classname="Codeitbypradeep.selpratice.PmgSelect" name="getselect" time="9.963"/>
  <system-out/>
</testsuite> <!-- Codeitbypradeep.selpratice.PmgSelect -->
