<?xml version="1.0" encoding="UTF-8"?>
<!-- Generated by org.testng.reporters.JUnitReportReporter -->
<testsuite hostname="LAPTOP-G13R1R6V" failures="0" tests="3" name="Codeitbypradeep.selpratice.AppTest" time="9.278" errors="0" timestamp="2021-09-11T15:02:36 IST" skipped="0">
  <testcase classname="Codeitbypradeep.selpratice.AppTest" name="shouldAnswerWithTrue" time="3.754"/>
  <system-out/>
  <testcase classname="Codeitbypradeep.selpratice.AppTest" name="shouldAnswerWithTrue" time="2.843"/>
  <system-out/>
  <testcase classname="Codeitbypradeep.selpratice.AppTest" name="shouldAnswerWithTrue" time="2.681"/>
  <system-out/>
</testsuite> <!-- Codeitbypradeep.selpratice.AppTest -->
