<?xml version="1.0" encoding="UTF-8"?>
<!-- Generated by org.testng.reporters.JUnitReportReporter -->
<testsuite skipped="0" hostname="DESKTOP-4HIH1IO" name="Codeitbypradeep.selpratice.CSSselectorLocatorPgm" tests="1" failures="0" timestamp="26 Aug 2021 16:03:50 GMT" time="51.148" errors="0">
  <testcase name="getmain" time="51.148" classname="Codeitbypradeep.selpratice.CSSselectorLocatorPgm"/>
</testsuite> <!-- Codeitbypradeep.selpratice.CSSselectorLocatorPgm -->
