<?xml version="1.0" encoding="UTF-8"?>
<!-- Generated by org.testng.reporters.JUnitReportReporter -->
<testsuite hostname="LAPTOP-G13R1R6V" failures="0" tests="1" name="Codeitbypradeep.selpratice.PgmActionAlarts" time="21.083" errors="0" timestamp="2021-10-06T19:32:31 IST" skipped="0">
  <testcase classname="Codeitbypradeep.selpratice.PgmActionAlarts" name="alertsaa" time="21.083"/>
  <system-out/>
</testsuite> <!-- Codeitbypradeep.selpratice.PgmActionAlarts -->
