<?xml version="1.0" encoding="UTF-8"?>
<!-- Generated by org.testng.reporters.JUnitReportReporter -->
<testsuite hostname="LAPTOP-G13R1R6V" failures="0" tests="1" name="Codeitbypradeep.selpratice.PgmAction" time="14.763" errors="0" timestamp="2021-10-05T22:57:04 IST" skipped="0">
  <testcase classname="Codeitbypradeep.selpratice.PgmAction" name="detselect" time="14.763"/>
  <system-out/>
</testsuite> <!-- Codeitbypradeep.selpratice.PgmAction -->
