<?xml version="1.0" encoding="UTF-8"?>
<!-- Generated by org.testng.reporters.JUnitReportReporter -->
<testsuite hostname="LAPTOP-G13R1R6V" failures="0" tests="1" name="Codeitbypradeep.selpratice.pgmSelectMultiple" time="14.010" errors="0" timestamp="2021-10-04T23:22:26 IST" skipped="0">
  <testcase classname="Codeitbypradeep.selpratice.pgmSelectMultiple" name="getselect" time="14.010"/>
  <system-out/>
</testsuite> <!-- Codeitbypradeep.selpratice.pgmSelectMultiple -->
