<?xml version="1.0" encoding="UTF-8"?>
<!-- Generated by org.testng.reporters.JUnitReportReporter -->
<testsuite hostname="LAPTOP-G13R1R6V" failures="0" tests="13" name="Codeitbypradeep.selpratice.Testngclass" time="0.015" errors="0" timestamp="2021-09-11T12:43:41 IST" skipped="0">
  <testcase classname="Codeitbypradeep.selpratice.Testngclass" name="testthesuiteinvocation" time="0.000"/>
  <system-out/>
  <testcase classname="Codeitbypradeep.selpratice.Testngclass" name="testthesuiteException" time="0.001"/>
  <system-out/>
  <testcase classname="Codeitbypradeep.selpratice.Testngclass" name="testthesuiteinvocation" time="0.003"/>
  <system-out/>
  <testcase classname="Codeitbypradeep.selpratice.Testngclass" name="testthesuiteinvocation" time="0.001"/>
  <system-out/>
  <testcase classname="Codeitbypradeep.selpratice.Testngclass" name="Testgetfromdataprovider" time="0.001"/>
  <system-out/>
  <testcase classname="Codeitbypradeep.selpratice.Testngclass" name="testthemethod5" time="0.001"/>
  <system-out/>
  <testcase classname="Codeitbypradeep.selpratice.Testngclass" name="testthesuite" time="0.002"/>
  <system-out/>
  <testcase classname="Codeitbypradeep.selpratice.Testngclass" name="Testgetfromdataprovider" time="0.003"/>
  <system-out/>
  <testcase classname="Codeitbypradeep.selpratice.Testngclass" name="testthesuiteinvocation" time="0.001"/>
  <system-out/>
  <testcase classname="Codeitbypradeep.selpratice.Testngclass" name="testthesuiteinvocation" time="0.001"/>
  <system-out/>
  <testcase classname="Codeitbypradeep.selpratice.Testngclass" name="testthesuite2" time="0.001"/>
  <system-out/>
  <testcase classname="Codeitbypradeep.selpratice.Testngclass" name="testthesuite3" time="0.000"/>
  <system-out/>
  <testcase classname="Codeitbypradeep.selpratice.Testngclass" name="testthesuite4" time="0.000"/>
  <system-out/>
</testsuite> <!-- Codeitbypradeep.selpratice.Testngclass -->
