<?xml version="1.0" encoding="UTF-8"?>
<!-- Generated by org.testng.reporters.JUnitReportReporter -->
<testsuite hostname="LAPTOP-G13R1R6V" failures="0" tests="1" name="Codeitbypradeep.selpratice.NewIsseldisenable" time="16.971" errors="0" timestamp="2021-10-02T20:21:44 IST" skipped="0">
  <testcase classname="Codeitbypradeep.selpratice.NewIsseldisenable" name="getselect" time="16.971"/>
  <system-out/>
</testsuite> <!-- Codeitbypradeep.selpratice.NewIsseldisenable -->
