<?xml version="1.0" encoding="UTF-8"?>
<!-- Generated by org.testng.reporters.JUnitReportReporter -->
<testsuite skipped="0" hostname="DESKTOP-4HIH1IO" name="Codeitbypradeep.selpratice.LocatorPrograms" tests="1" failures="0" timestamp="23 Aug 2021 17:20:03 GMT" time="17.429" errors="0">
  <testcase name="locat" time="17.429" classname="Codeitbypradeep.selpratice.LocatorPrograms"/>
</testsuite> <!-- Codeitbypradeep.selpratice.LocatorPrograms -->
