<?xml version="1.0" encoding="UTF-8"?>
<!-- Generated by org.testng.reporters.JUnitReportReporter -->
<testsuite hostname="LAPTOP-G13R1R6V" failures="0" tests="1" name="com.qa.TestcaseExecution.Component" time="17.195" errors="0" timestamp="2021-10-10T08:03:23 IST" skipped="0">
  <testcase classname="com.qa.TestcaseExecution.Component" name="runTestComponents" time="17.195"/>
  <system-out/>
</testsuite> <!-- com.qa.TestcaseExecution.Component -->
